<?xml version="1.0" encoding="UTF-8"?>
<testsuite name="CarSharingTest" tests="1" skipped="0" failures="0" errors="0" timestamp="2024-04-08T05:04:33" hostname="Quocs-MBP16.local" time="0.291">
  <properties/>
  <testcase name="start" classname="CarSharingTest" time="0.291"/>
  <system-out><![CDATA[?[1;31m
Start test 1?[0m
?[1;31m
Start test 2?[0m
?[1;31m
Start test 3?[0m
?[1;31m
Start test 4?[0m
?[1;31m
Start test 5?[0m
]]></system-out>
  <system-err><![CDATA[Table "COMPANY" already exists; SQL statement:
CREATE TABLE COMPANY (ID int NOT NULL, NAME VARCHAR(255)) [42101-200]
]]></system-err>
</testsuite>
